<?xml version="1.0" encoding="UTF-8"?>
<!-- Generated by org.testng.reporters.JUnitXMLReporter -->
<testsuite ignored="0" hostname="Mac.local" failures="1" tests="1" name="Surefire test" time="7.032" errors="0" timestamp="2024-02-19T23:36:25 IST">
  <testcase classname="io.cucumber.testng.AbstractTestNGCucumberTests" name="runScenario" time="6.703">
    <failure type="java.lang.NullPointerException" message="Cannot invoke &amp;quot;org.openqa.selenium.WebElement.click()&amp;quot; because &amp;quot;requireCountry&amp;quot; is null">
      <![CDATA[java.lang.NullPointerException: Cannot invoke "org.openqa.selenium.WebElement.click()" because "requireCountry" is null
at devberry.pageobjects.CheckOutPage.selectCountry(CheckOutPage.java:71)
at devberry.stepDefinitions.StepDefinitionImpl.i_Want_To_Check_The_Product(StepDefinitionImpl.java:46)
at ✽.I want to check the product ZARA COAT 3 and submit the order(file:///Users/sagarindurepatil/eclipse-workspace/SeleniumFrameworkDesign/src/test/java/cucumber/SubmitOrder.feature:18)
]]>
    </failure>
  </testcase> <!-- runScenario -->
</testsuite> <!-- Surefire test -->
