<?xml version="1.0" encoding="UTF-8"?>
<!-- Generated by org.testng.reporters.JUnitXMLReporter -->
<testsuite ignored="0" hostname="Mac.local" failures="0" tests="3" name="Submit Order Test" time="15.382" errors="0" timestamp="2024-02-17T22:04:20 IST">
  <testcase classname="devberry.Tests.SubmitOrderTest" name="submitOrder" time="3.503"/>
  <testcase classname="devberry.Tests.SubmitOrderTest" name="submitOrder" time="3.421"/>
  <testcase classname="devberry.Tests.SubmitOrderTest" name="OrdersHistoryTest" time="0.452"/>
</testsuite> <!-- Submit Order Test -->
