<?xml version="1.0" encoding="UTF-8"?>
<!-- Generated by org.testng.reporters.JUnitXMLReporter -->
<testsuite ignored="0" hostname="Mac.local" failures="0" tests="2" name="Error Validation Test" time="9.478" errors="0" timestamp="2024-02-19T14:18:17 IST">
  <testcase classname="devberry.Tests.ErrorValidationTest" name="loginErrorValidation" time="0.307"/>
  <testcase classname="devberry.Tests.ErrorValidationTest" name="productErrorValidation" time="2.607"/>
</testsuite> <!-- Error Validation Test -->
