<?xml version="1.0" encoding="UTF-8"?>
<!-- Generated by org.testng.reporters.JUnitXMLReporter -->
<testsuite ignored="2" hostname="Mac.local" failures="0" tests="0" time="0.004" errors="0" timestamp="2024-02-19T14:03:46 IST">
  <testcase classname="devberry.Tests.SubmitOrderTest" name="OrdersHistoryTest" time="0.0">
    <ignored/>
  </testcase> <!-- OrdersHistoryTest -->
  <testcase classname="devberry.Tests.SubmitOrderTest" name="submitOrder" time="0.0">
    <ignored/>
  </testcase> <!-- submitOrder -->
</testsuite>
