<?xml version="1.0" encoding="UTF-8"?>
<!-- Generated by org.testng.reporters.JUnitXMLReporter -->
<testsuite ignored="1" hostname="Mac.local" failures="0" tests="1" name="Error Validation Test(failed)" time="8.669" errors="0" timestamp="2024-02-15T22:55:12 IST">
  <testcase classname="devberry.Tests.ErrorValidationTest" name="productErrorValidation" time="2.748"/>
  <testcase classname="devberry.Tests.ErrorValidationTest" name="loginErrorValidation" time="0.0">
    <ignored/>
  </testcase> <!-- loginErrorValidation -->
</testsuite> <!-- Error Validation Test(failed) -->
