<?xml version="1.0" encoding="UTF-8"?>
<!-- Generated by org.testng.reporters.JUnitReportReporter -->
<testsuite hostname="Mac.local" failures="0" tests="1" name="cucumber.TestNGTestRunner" time="6.703" errors="1" timestamp="2024-02-19T23:36:25 IST" skipped="0">
  <testcase classname="cucumber.TestNGTestRunner" name="runScenario" time="6.703">
    <error message="Cannot invoke &quot;org.openqa.selenium.WebElement.click()&quot; because &quot;requireCountry&quot; is null" type="java.lang.NullPointerException">
      <![CDATA[java.lang.NullPointerException: Cannot invoke "org.openqa.selenium.WebElement.click()" because "requireCountry" is null
at devberry.pageobjects.CheckOutPage.selectCountry(CheckOutPage.java:71)
at devberry.stepDefinitions.StepDefinitionImpl.i_Want_To_Check_The_Product(StepDefinitionImpl.java:46)
at ✽.I want to check the product ZARA COAT 3 and submit the order(file:///Users/sagarindurepatil/eclipse-workspace/SeleniumFrameworkDesign/src/test/java/cucumber/SubmitOrder.feature:18)
]]>
    </error>
  </testcase> <!-- runScenario -->
</testsuite> <!-- cucumber.TestNGTestRunner -->
